2024-01-17 14:46:50,067 CRIT Supervisor is running as root.  Privileges were not dropped because no user is specified in the config file.  If you intend to run as root, you can set user=root in the config file to avoid this message.
2024-01-17 14:46:50,074 INFO RPC interface 'supervisor' initialized
2024-01-17 14:46:50,074 CRIT Server 'inet_http_server' running without any HTTP authentication checking
2024-01-17 14:46:50,076 INFO supervisord started with pid 1
2024-01-17 14:46:51,078 INFO spawned: 'api-worker_00' with pid 6
2024-01-17 14:46:51,080 INFO spawned: 'api-worker_01' with pid 7
2024-01-17 14:46:51,082 INFO spawned: 'api-worker_02' with pid 8
2024-01-17 14:46:51,084 INFO spawned: 'api-worker_03' with pid 9
2024-01-17 14:46:51,088 INFO spawned: 'api-worker_04' with pid 10
2024-01-17 14:46:51,090 INFO spawned: 'api-worker_05' with pid 11
2024-01-17 14:46:51,093 INFO spawned: 'api-worker_06' with pid 12
2024-01-17 14:46:51,094 INFO spawned: 'api-worker_07' with pid 13
2024-01-17 14:46:51,096 INFO spawned: 'nginx' with pid 14
2024-01-17 14:46:51,098 INFO spawned: 'php-fpm' with pid 15
2024-01-17 14:46:51,099 WARN exited: api-worker_00 (exit status 255; not expected)
2024-01-17 14:46:51,099 WARN exited: api-worker_01 (exit status 255; not expected)
2024-01-17 14:46:51,107 INFO success: nginx entered RUNNING state, process has stayed up for > than 0 seconds (startsecs)
2024-01-17 14:46:51,108 INFO success: php-fpm entered RUNNING state, process has stayed up for > than 0 seconds (startsecs)
2024-01-17 14:46:51,115 WARN exited: api-worker_07 (exit status 255; not expected)
2024-01-17 14:46:51,119 WARN exited: api-worker_02 (exit status 255; not expected)
2024-01-17 14:46:51,124 WARN exited: api-worker_03 (exit status 255; not expected)
2024-01-17 14:46:51,124 WARN exited: api-worker_04 (exit status 255; not expected)
2024-01-17 14:46:51,128 WARN exited: api-worker_06 (exit status 255; not expected)
2024-01-17 14:46:51,130 WARN exited: api-worker_05 (exit status 255; not expected)
2024-01-17 14:46:52,143 INFO spawned: 'api-worker_00' with pid 22
2024-01-17 14:46:52,144 INFO spawned: 'api-worker_01' with pid 23
2024-01-17 14:46:52,146 INFO spawned: 'api-worker_02' with pid 24
2024-01-17 14:46:52,148 INFO spawned: 'api-worker_03' with pid 25
2024-01-17 14:46:52,150 INFO spawned: 'api-worker_04' with pid 26
2024-01-17 14:46:52,152 INFO spawned: 'api-worker_05' with pid 27
2024-01-17 14:46:52,158 INFO spawned: 'api-worker_06' with pid 28
2024-01-17 14:46:52,168 INFO spawned: 'api-worker_07' with pid 29
2024-01-17 14:46:52,172 WARN exited: api-worker_00 (exit status 255; not expected)
2024-01-17 14:46:52,173 WARN exited: api-worker_01 (exit status 255; not expected)
2024-01-17 14:46:52,174 WARN exited: api-worker_02 (exit status 255; not expected)
2024-01-17 14:46:52,176 WARN exited: api-worker_04 (exit status 255; not expected)
2024-01-17 14:46:52,180 WARN exited: api-worker_05 (exit status 255; not expected)
2024-01-17 14:46:52,182 WARN exited: api-worker_06 (exit status 255; not expected)
2024-01-17 14:46:52,189 WARN exited: api-worker_03 (exit status 255; not expected)
2024-01-17 14:46:52,190 WARN exited: api-worker_07 (exit status 255; not expected)
2024-01-17 14:46:54,192 INFO spawned: 'api-worker_00' with pid 30
2024-01-17 14:46:54,195 INFO spawned: 'api-worker_01' with pid 31
2024-01-17 14:46:54,197 INFO spawned: 'api-worker_02' with pid 32
2024-01-17 14:46:54,198 INFO spawned: 'api-worker_03' with pid 33
2024-01-17 14:46:54,200 INFO spawned: 'api-worker_04' with pid 34
2024-01-17 14:46:54,201 INFO spawned: 'api-worker_05' with pid 35
2024-01-17 14:46:54,203 INFO spawned: 'api-worker_06' with pid 36
2024-01-17 14:46:54,205 INFO spawned: 'api-worker_07' with pid 37
2024-01-17 14:46:54,224 WARN exited: api-worker_00 (exit status 255; not expected)
2024-01-17 14:46:54,224 WARN exited: api-worker_01 (exit status 255; not expected)
2024-01-17 14:46:54,234 WARN exited: api-worker_06 (exit status 255; not expected)
2024-01-17 14:46:54,235 WARN exited: api-worker_05 (exit status 255; not expected)
2024-01-17 14:46:54,245 WARN exited: api-worker_02 (exit status 255; not expected)
2024-01-17 14:46:54,248 WARN exited: api-worker_03 (exit status 255; not expected)
2024-01-17 14:46:54,248 WARN exited: api-worker_04 (exit status 255; not expected)
2024-01-17 14:46:54,250 WARN exited: api-worker_07 (exit status 255; not expected)
2024-01-17 14:46:57,258 INFO spawned: 'api-worker_00' with pid 38
2024-01-17 14:46:57,261 INFO spawned: 'api-worker_01' with pid 39
2024-01-17 14:46:57,266 INFO spawned: 'api-worker_02' with pid 40
2024-01-17 14:46:57,269 INFO spawned: 'api-worker_03' with pid 41
2024-01-17 14:46:57,273 INFO spawned: 'api-worker_04' with pid 42
2024-01-17 14:46:57,276 INFO spawned: 'api-worker_05' with pid 43
2024-01-17 14:46:57,280 INFO spawned: 'api-worker_06' with pid 44
2024-01-17 14:46:57,286 INFO spawned: 'api-worker_07' with pid 45
2024-01-17 14:46:57,321 WARN exited: api-worker_00 (exit status 255; not expected)
2024-01-17 14:46:57,321 INFO gave up: api-worker_00 entered FATAL state, too many start retries too quickly
2024-01-17 14:46:57,335 WARN exited: api-worker_01 (exit status 255; not expected)
2024-01-17 14:46:57,335 WARN exited: api-worker_03 (exit status 255; not expected)
2024-01-17 14:46:57,336 INFO gave up: api-worker_01 entered FATAL state, too many start retries too quickly
2024-01-17 14:46:57,336 INFO gave up: api-worker_03 entered FATAL state, too many start retries too quickly
2024-01-17 14:46:57,347 WARN exited: api-worker_02 (exit status 255; not expected)
2024-01-17 14:46:57,350 INFO gave up: api-worker_02 entered FATAL state, too many start retries too quickly
2024-01-17 14:46:57,359 WARN exited: api-worker_06 (exit status 255; not expected)
2024-01-17 14:46:57,359 INFO gave up: api-worker_06 entered FATAL state, too many start retries too quickly
2024-01-17 14:46:57,360 WARN exited: api-worker_07 (exit status 255; not expected)
2024-01-17 14:46:57,361 INFO gave up: api-worker_07 entered FATAL state, too many start retries too quickly
2024-01-17 14:46:57,367 WARN exited: api-worker_04 (exit status 255; not expected)
2024-01-17 14:46:57,368 WARN exited: api-worker_05 (exit status 255; not expected)
2024-01-17 14:46:57,368 INFO gave up: api-worker_04 entered FATAL state, too many start retries too quickly
2024-01-17 14:46:57,368 INFO gave up: api-worker_05 entered FATAL state, too many start retries too quickly
2024-01-17 14:47:19,393 WARN received SIGQUIT indicating exit request
2024-01-17 14:47:19,394 INFO waiting for nginx, php-fpm to die
2024-01-17 14:47:19,399 INFO stopped: php-fpm (exit status 0)
2024-01-17 14:47:19,416 INFO stopped: nginx (exit status 0)
2024-01-17 14:48:15,732 CRIT Supervisor is running as root.  Privileges were not dropped because no user is specified in the config file.  If you intend to run as root, you can set user=root in the config file to avoid this message.
2024-01-17 14:48:15,737 INFO RPC interface 'supervisor' initialized
2024-01-17 14:48:15,737 CRIT Server 'inet_http_server' running without any HTTP authentication checking
2024-01-17 14:48:15,738 INFO supervisord started with pid 1
2024-01-17 14:48:16,740 INFO spawned: 'api-worker_00' with pid 6
2024-01-17 14:48:16,742 INFO spawned: 'api-worker_01' with pid 7
2024-01-17 14:48:16,744 INFO spawned: 'api-worker_02' with pid 8
2024-01-17 14:48:16,746 INFO spawned: 'api-worker_03' with pid 9
2024-01-17 14:48:16,748 INFO spawned: 'api-worker_04' with pid 10
2024-01-17 14:48:16,750 INFO spawned: 'api-worker_05' with pid 11
2024-01-17 14:48:16,753 INFO spawned: 'api-worker_06' with pid 12
2024-01-17 14:48:16,756 INFO spawned: 'api-worker_07' with pid 13
2024-01-17 14:48:16,758 INFO spawned: 'nginx' with pid 14
2024-01-17 14:48:16,761 INFO spawned: 'php-fpm' with pid 15
2024-01-17 14:48:16,765 WARN exited: api-worker_00 (exit status 255; not expected)
2024-01-17 14:48:16,766 WARN exited: api-worker_01 (exit status 255; not expected)
2024-01-17 14:48:16,767 WARN exited: api-worker_02 (exit status 255; not expected)
2024-01-17 14:48:16,775 INFO success: nginx entered RUNNING state, process has stayed up for > than 0 seconds (startsecs)
2024-01-17 14:48:16,776 INFO success: php-fpm entered RUNNING state, process has stayed up for > than 0 seconds (startsecs)
2024-01-17 14:48:16,780 WARN exited: api-worker_06 (exit status 255; not expected)
2024-01-17 14:48:16,783 WARN exited: api-worker_05 (exit status 255; not expected)
2024-01-17 14:48:16,787 WARN exited: api-worker_04 (exit status 255; not expected)
2024-01-17 14:48:16,792 WARN exited: api-worker_03 (exit status 255; not expected)
2024-01-17 14:48:16,795 WARN exited: api-worker_07 (exit status 255; not expected)
2024-01-17 14:48:17,807 INFO spawned: 'api-worker_00' with pid 22
2024-01-17 14:48:17,809 INFO spawned: 'api-worker_01' with pid 23
2024-01-17 14:48:17,812 INFO spawned: 'api-worker_02' with pid 24
2024-01-17 14:48:17,815 INFO spawned: 'api-worker_03' with pid 25
2024-01-17 14:48:17,817 INFO spawned: 'api-worker_04' with pid 26
2024-01-17 14:48:17,820 INFO spawned: 'api-worker_05' with pid 27
2024-01-17 14:48:17,823 INFO spawned: 'api-worker_06' with pid 28
2024-01-17 14:48:17,827 INFO spawned: 'api-worker_07' with pid 29
2024-01-17 14:48:17,829 WARN exited: api-worker_00 (exit status 255; not expected)
2024-01-17 14:48:17,834 WARN exited: api-worker_01 (exit status 255; not expected)
2024-01-17 14:48:17,848 WARN exited: api-worker_06 (exit status 255; not expected)
2024-01-17 14:48:17,852 WARN exited: api-worker_03 (exit status 255; not expected)
2024-01-17 14:48:17,852 WARN exited: api-worker_05 (exit status 255; not expected)
2024-01-17 14:48:17,853 WARN exited: api-worker_07 (exit status 255; not expected)
2024-01-17 14:48:17,858 WARN exited: api-worker_04 (exit status 255; not expected)
2024-01-17 14:48:17,858 WARN exited: api-worker_02 (exit status 255; not expected)
2024-01-17 14:48:19,862 INFO spawned: 'api-worker_00' with pid 30
2024-01-17 14:48:19,865 INFO spawned: 'api-worker_01' with pid 31
2024-01-17 14:48:19,867 INFO spawned: 'api-worker_02' with pid 32
2024-01-17 14:48:19,869 INFO spawned: 'api-worker_03' with pid 33
2024-01-17 14:48:19,871 INFO spawned: 'api-worker_04' with pid 34
2024-01-17 14:48:19,874 INFO spawned: 'api-worker_05' with pid 35
2024-01-17 14:48:19,876 INFO spawned: 'api-worker_06' with pid 36
2024-01-17 14:48:19,879 INFO spawned: 'api-worker_07' with pid 37
2024-01-17 14:48:19,880 WARN exited: api-worker_00 (exit status 255; not expected)
2024-01-17 14:48:19,881 WARN exited: api-worker_01 (exit status 255; not expected)
2024-01-17 14:48:19,901 WARN exited: api-worker_07 (exit status 255; not expected)
2024-01-17 14:48:19,904 WARN exited: api-worker_02 (exit status 255; not expected)
2024-01-17 14:48:19,906 WARN exited: api-worker_05 (exit status 255; not expected)
2024-01-17 14:48:19,907 WARN exited: api-worker_04 (exit status 255; not expected)
2024-01-17 14:48:19,907 WARN exited: api-worker_06 (exit status 255; not expected)
2024-01-17 14:48:19,908 WARN exited: api-worker_03 (exit status 255; not expected)
2024-01-17 14:48:22,914 INFO spawned: 'api-worker_00' with pid 38
2024-01-17 14:48:22,915 INFO spawned: 'api-worker_01' with pid 39
2024-01-17 14:48:22,917 INFO spawned: 'api-worker_02' with pid 40
2024-01-17 14:48:22,924 INFO spawned: 'api-worker_03' with pid 41
2024-01-17 14:48:22,927 INFO spawned: 'api-worker_04' with pid 42
2024-01-17 14:48:22,929 INFO spawned: 'api-worker_05' with pid 43
2024-01-17 14:48:22,932 INFO spawned: 'api-worker_06' with pid 44
2024-01-17 14:48:22,935 INFO spawned: 'api-worker_07' with pid 45
2024-01-17 14:48:22,937 WARN exited: api-worker_00 (exit status 255; not expected)
2024-01-17 14:48:22,938 WARN exited: api-worker_01 (exit status 255; not expected)
2024-01-17 14:48:22,938 WARN exited: api-worker_02 (exit status 255; not expected)
2024-01-17 14:48:22,939 INFO gave up: api-worker_00 entered FATAL state, too many start retries too quickly
2024-01-17 14:48:22,939 INFO gave up: api-worker_01 entered FATAL state, too many start retries too quickly
2024-01-17 14:48:22,939 INFO gave up: api-worker_02 entered FATAL state, too many start retries too quickly
2024-01-17 14:48:22,941 WARN exited: api-worker_04 (exit status 255; not expected)
2024-01-17 14:48:22,944 INFO gave up: api-worker_04 entered FATAL state, too many start retries too quickly
2024-01-17 14:48:22,944 WARN exited: api-worker_03 (exit status 255; not expected)
2024-01-17 14:48:22,951 INFO gave up: api-worker_03 entered FATAL state, too many start retries too quickly
2024-01-17 14:48:22,954 WARN exited: api-worker_06 (exit status 255; not expected)
2024-01-17 14:48:22,956 INFO gave up: api-worker_06 entered FATAL state, too many start retries too quickly
2024-01-17 14:48:22,956 WARN exited: api-worker_05 (exit status 255; not expected)
2024-01-17 14:48:22,960 INFO gave up: api-worker_05 entered FATAL state, too many start retries too quickly
2024-01-17 14:48:22,962 WARN exited: api-worker_07 (exit status 255; not expected)
2024-01-17 14:48:23,964 INFO gave up: api-worker_07 entered FATAL state, too many start retries too quickly
2024-01-17 14:48:25,967 WARN received SIGQUIT indicating exit request
2024-01-17 14:48:25,968 INFO waiting for nginx, php-fpm to die
2024-01-17 14:48:25,978 INFO stopped: php-fpm (exit status 0)
2024-01-17 14:48:25,994 INFO stopped: nginx (exit status 0)
2024-01-17 14:50:36,474 CRIT Supervisor is running as root.  Privileges were not dropped because no user is specified in the config file.  If you intend to run as root, you can set user=root in the config file to avoid this message.
2024-01-17 14:50:36,479 INFO RPC interface 'supervisor' initialized
2024-01-17 14:50:36,479 CRIT Server 'inet_http_server' running without any HTTP authentication checking
2024-01-17 14:50:36,480 INFO supervisord started with pid 1
2024-01-17 14:50:37,483 INFO spawned: 'api-worker_00' with pid 7
2024-01-17 14:50:37,485 INFO spawned: 'api-worker_01' with pid 8
2024-01-17 14:50:37,486 INFO spawned: 'api-worker_02' with pid 9
2024-01-17 14:50:37,488 INFO spawned: 'api-worker_03' with pid 10
2024-01-17 14:50:37,490 INFO spawned: 'api-worker_04' with pid 11
2024-01-17 14:50:37,492 INFO spawned: 'api-worker_05' with pid 12
2024-01-17 14:50:37,494 INFO spawned: 'api-worker_06' with pid 13
2024-01-17 14:50:37,496 INFO spawned: 'api-worker_07' with pid 14
2024-01-17 14:50:37,497 INFO spawned: 'nginx' with pid 15
2024-01-17 14:50:37,499 INFO spawned: 'php-fpm' with pid 16
2024-01-17 14:50:37,500 INFO success: nginx entered RUNNING state, process has stayed up for > than 0 seconds (startsecs)
2024-01-17 14:50:37,500 INFO success: php-fpm entered RUNNING state, process has stayed up for > than 0 seconds (startsecs)
2024-01-17 14:50:37,507 WARN exited: api-worker_01 (exit status 255; not expected)
2024-01-17 14:50:37,507 WARN exited: api-worker_02 (exit status 255; not expected)
2024-01-17 14:50:37,511 WARN exited: api-worker_00 (exit status 255; not expected)
2024-01-17 14:50:37,512 WARN exited: api-worker_03 (exit status 255; not expected)
2024-01-17 14:50:37,519 WARN exited: api-worker_07 (exit status 255; not expected)
2024-01-17 14:50:37,533 WARN exited: api-worker_04 (exit status 255; not expected)
2024-01-17 14:50:37,533 WARN exited: api-worker_05 (exit status 255; not expected)
2024-01-17 14:50:37,535 WARN exited: api-worker_06 (exit status 255; not expected)
2024-01-17 14:50:38,538 INFO spawned: 'api-worker_00' with pid 23
2024-01-17 14:50:38,541 INFO spawned: 'api-worker_01' with pid 24
2024-01-17 14:50:38,543 INFO spawned: 'api-worker_02' with pid 25
2024-01-17 14:50:38,545 INFO spawned: 'api-worker_03' with pid 26
2024-01-17 14:50:38,547 INFO spawned: 'api-worker_04' with pid 27
2024-01-17 14:50:38,549 INFO spawned: 'api-worker_05' with pid 28
2024-01-17 14:50:38,550 INFO spawned: 'api-worker_06' with pid 29
2024-01-17 14:50:38,552 INFO spawned: 'api-worker_07' with pid 30
2024-01-17 14:50:38,558 WARN exited: api-worker_01 (exit status 255; not expected)
2024-01-17 14:50:38,562 WARN exited: api-worker_00 (exit status 255; not expected)
2024-01-17 14:50:38,562 WARN exited: api-worker_02 (exit status 255; not expected)
2024-01-17 14:50:38,570 WARN exited: api-worker_03 (exit status 255; not expected)
2024-01-17 14:50:38,574 WARN exited: api-worker_07 (exit status 255; not expected)
2024-01-17 14:50:38,575 WARN exited: api-worker_04 (exit status 255; not expected)
2024-01-17 14:50:38,576 WARN exited: api-worker_06 (exit status 255; not expected)
2024-01-17 14:50:38,576 WARN exited: api-worker_05 (exit status 255; not expected)
2024-01-17 14:50:40,580 INFO spawned: 'api-worker_00' with pid 31
2024-01-17 14:50:40,582 INFO spawned: 'api-worker_01' with pid 32
2024-01-17 14:50:40,584 INFO spawned: 'api-worker_02' with pid 33
2024-01-17 14:50:40,586 INFO spawned: 'api-worker_03' with pid 34
2024-01-17 14:50:40,587 INFO spawned: 'api-worker_04' with pid 35
2024-01-17 14:50:40,595 INFO spawned: 'api-worker_05' with pid 36
2024-01-17 14:50:40,598 INFO spawned: 'api-worker_06' with pid 37
2024-01-17 14:50:40,601 INFO spawned: 'api-worker_07' with pid 38
2024-01-17 14:50:40,601 WARN exited: api-worker_01 (exit status 255; not expected)
2024-01-17 14:50:40,608 WARN exited: api-worker_02 (exit status 255; not expected)
2024-01-17 14:50:40,618 WARN exited: api-worker_00 (exit status 255; not expected)
2024-01-17 14:50:40,618 WARN exited: api-worker_04 (exit status 255; not expected)
2024-01-17 14:50:40,628 WARN exited: api-worker_05 (exit status 255; not expected)
2024-01-17 14:50:40,633 WARN exited: api-worker_03 (exit status 255; not expected)
2024-01-17 14:50:40,634 WARN exited: api-worker_07 (exit status 255; not expected)
2024-01-17 14:50:40,636 WARN exited: api-worker_06 (exit status 255; not expected)
2024-01-17 14:50:43,642 INFO spawned: 'api-worker_00' with pid 39
2024-01-17 14:50:43,645 INFO spawned: 'api-worker_01' with pid 40
2024-01-17 14:50:43,648 INFO spawned: 'api-worker_02' with pid 41
2024-01-17 14:50:43,651 INFO spawned: 'api-worker_03' with pid 42
2024-01-17 14:50:43,655 INFO spawned: 'api-worker_04' with pid 43
2024-01-17 14:50:43,659 INFO spawned: 'api-worker_05' with pid 44
2024-01-17 14:50:43,662 INFO spawned: 'api-worker_06' with pid 45
2024-01-17 14:50:43,666 INFO spawned: 'api-worker_07' with pid 46
2024-01-17 14:50:43,716 WARN exited: api-worker_06 (exit status 255; not expected)
2024-01-17 14:50:43,719 INFO gave up: api-worker_06 entered FATAL state, too many start retries too quickly
2024-01-17 14:50:43,725 WARN exited: api-worker_01 (exit status 255; not expected)
2024-01-17 14:50:43,726 INFO gave up: api-worker_01 entered FATAL state, too many start retries too quickly
2024-01-17 14:50:43,732 WARN exited: api-worker_03 (exit status 255; not expected)
2024-01-17 14:50:43,732 WARN exited: api-worker_00 (exit status 255; not expected)
2024-01-17 14:50:43,733 WARN exited: api-worker_05 (exit status 255; not expected)
2024-01-17 14:50:43,733 INFO gave up: api-worker_00 entered FATAL state, too many start retries too quickly
2024-01-17 14:50:43,733 INFO gave up: api-worker_03 entered FATAL state, too many start retries too quickly
2024-01-17 14:50:43,733 INFO gave up: api-worker_05 entered FATAL state, too many start retries too quickly
2024-01-17 14:50:43,744 WARN exited: api-worker_02 (exit status 255; not expected)
2024-01-17 14:50:43,747 WARN exited: api-worker_07 (exit status 255; not expected)
2024-01-17 14:50:43,747 INFO gave up: api-worker_02 entered FATAL state, too many start retries too quickly
2024-01-17 14:50:43,748 INFO gave up: api-worker_07 entered FATAL state, too many start retries too quickly
2024-01-17 14:50:43,750 WARN exited: api-worker_04 (exit status 255; not expected)
2024-01-17 14:50:43,751 INFO gave up: api-worker_04 entered FATAL state, too many start retries too quickly
2024-01-17 14:58:06,280 WARN received SIGQUIT indicating exit request
2024-01-17 14:58:06,281 INFO waiting for nginx, php-fpm to die
2024-01-17 14:58:06,286 INFO stopped: php-fpm (exit status 0)
2024-01-17 14:58:06,298 INFO stopped: nginx (exit status 0)
2024-01-17 14:58:29,565 CRIT Supervisor is running as root.  Privileges were not dropped because no user is specified in the config file.  If you intend to run as root, you can set user=root in the config file to avoid this message.
2024-01-17 14:58:29,571 INFO RPC interface 'supervisor' initialized
2024-01-17 14:58:29,571 CRIT Server 'inet_http_server' running without any HTTP authentication checking
2024-01-17 14:58:29,572 INFO supervisord started with pid 1
2024-01-17 14:58:30,575 INFO spawned: 'api-worker_00' with pid 7
2024-01-17 14:58:30,577 INFO spawned: 'api-worker_01' with pid 8
2024-01-17 14:58:30,578 INFO spawned: 'api-worker_02' with pid 9
2024-01-17 14:58:30,580 INFO spawned: 'api-worker_03' with pid 10
2024-01-17 14:58:30,582 INFO spawned: 'api-worker_04' with pid 11
2024-01-17 14:58:30,585 INFO spawned: 'api-worker_05' with pid 12
2024-01-17 14:58:30,588 INFO spawned: 'api-worker_06' with pid 13
2024-01-17 14:58:30,590 INFO spawned: 'api-worker_07' with pid 14
2024-01-17 14:58:30,592 INFO spawned: 'nginx' with pid 15
2024-01-17 14:58:30,596 INFO spawned: 'php-fpm' with pid 16
2024-01-17 14:58:30,597 WARN exited: api-worker_00 (exit status 255; not expected)
2024-01-17 14:58:30,599 WARN exited: api-worker_01 (exit status 255; not expected)
2024-01-17 14:58:30,601 INFO success: nginx entered RUNNING state, process has stayed up for > than 0 seconds (startsecs)
2024-01-17 14:58:30,601 INFO success: php-fpm entered RUNNING state, process has stayed up for > than 0 seconds (startsecs)
2024-01-17 14:58:30,602 WARN exited: api-worker_02 (exit status 255; not expected)
2024-01-17 14:58:30,611 WARN exited: api-worker_06 (exit status 255; not expected)
2024-01-17 14:58:30,616 WARN exited: api-worker_07 (exit status 255; not expected)
2024-01-17 14:58:30,622 WARN exited: api-worker_03 (exit status 255; not expected)
2024-01-17 14:58:30,626 WARN exited: api-worker_04 (exit status 255; not expected)
2024-01-17 14:58:30,627 WARN exited: api-worker_05 (exit status 255; not expected)
2024-01-17 14:58:31,642 INFO spawned: 'api-worker_00' with pid 23
2024-01-17 14:58:31,644 INFO spawned: 'api-worker_01' with pid 24
2024-01-17 14:58:31,645 INFO spawned: 'api-worker_02' with pid 25
2024-01-17 14:58:31,648 INFO spawned: 'api-worker_03' with pid 26
2024-01-17 14:58:31,650 INFO spawned: 'api-worker_04' with pid 27
2024-01-17 14:58:31,652 INFO spawned: 'api-worker_05' with pid 28
2024-01-17 14:58:31,654 INFO spawned: 'api-worker_06' with pid 29
2024-01-17 14:58:31,656 INFO spawned: 'api-worker_07' with pid 30
2024-01-17 14:58:31,659 WARN exited: api-worker_01 (exit status 255; not expected)
2024-01-17 14:58:31,662 WARN exited: api-worker_00 (exit status 255; not expected)
2024-01-17 14:58:31,663 WARN exited: api-worker_02 (exit status 255; not expected)
2024-01-17 14:58:31,673 WARN exited: api-worker_06 (exit status 255; not expected)
2024-01-17 14:58:31,675 WARN exited: api-worker_04 (exit status 255; not expected)
2024-01-17 14:58:31,676 WARN exited: api-worker_05 (exit status 255; not expected)
2024-01-17 14:58:31,676 WARN exited: api-worker_07 (exit status 255; not expected)
2024-01-17 14:58:31,676 WARN exited: api-worker_03 (exit status 255; not expected)
2024-01-17 14:58:33,679 INFO spawned: 'api-worker_00' with pid 31
2024-01-17 14:58:33,681 INFO spawned: 'api-worker_01' with pid 32
2024-01-17 14:58:33,683 INFO spawned: 'api-worker_02' with pid 33
2024-01-17 14:58:33,685 INFO spawned: 'api-worker_03' with pid 34
2024-01-17 14:58:33,688 INFO spawned: 'api-worker_04' with pid 35
2024-01-17 14:58:33,690 INFO spawned: 'api-worker_05' with pid 36
2024-01-17 14:58:33,692 INFO spawned: 'api-worker_06' with pid 37
2024-01-17 14:58:33,694 INFO spawned: 'api-worker_07' with pid 38
2024-01-17 14:58:33,706 WARN exited: api-worker_01 (exit status 255; not expected)
2024-01-17 14:58:33,713 WARN exited: api-worker_00 (exit status 255; not expected)
2024-01-17 14:58:33,714 WARN exited: api-worker_03 (exit status 255; not expected)
2024-01-17 14:58:33,725 WARN exited: api-worker_04 (exit status 255; not expected)
2024-01-17 14:58:33,731 WARN exited: api-worker_02 (exit status 255; not expected)
2024-01-17 14:58:33,731 WARN exited: api-worker_07 (exit status 255; not expected)
2024-01-17 14:58:33,738 WARN exited: api-worker_06 (exit status 255; not expected)
2024-01-17 14:58:33,742 WARN exited: api-worker_05 (exit status 255; not expected)
2024-01-17 14:58:36,751 INFO spawned: 'api-worker_00' with pid 39
2024-01-17 14:58:36,756 INFO spawned: 'api-worker_01' with pid 40
2024-01-17 14:58:36,760 INFO spawned: 'api-worker_02' with pid 41
2024-01-17 14:58:36,764 INFO spawned: 'api-worker_03' with pid 42
2024-01-17 14:58:36,767 INFO spawned: 'api-worker_04' with pid 43
2024-01-17 14:58:36,770 INFO spawned: 'api-worker_05' with pid 44
2024-01-17 14:58:36,781 INFO spawned: 'api-worker_06' with pid 45
2024-01-17 14:58:36,793 INFO spawned: 'api-worker_07' with pid 46
2024-01-17 14:58:36,825 WARN exited: api-worker_02 (exit status 255; not expected)
2024-01-17 14:58:36,826 INFO gave up: api-worker_02 entered FATAL state, too many start retries too quickly
2024-01-17 14:58:36,830 WARN exited: api-worker_03 (exit status 255; not expected)
2024-01-17 14:58:36,831 INFO gave up: api-worker_03 entered FATAL state, too many start retries too quickly
2024-01-17 14:58:36,831 WARN exited: api-worker_01 (exit status 255; not expected)
2024-01-17 14:58:36,833 INFO gave up: api-worker_01 entered FATAL state, too many start retries too quickly
2024-01-17 14:58:36,840 WARN exited: api-worker_05 (exit status 255; not expected)
2024-01-17 14:58:36,844 INFO gave up: api-worker_05 entered FATAL state, too many start retries too quickly
2024-01-17 14:58:36,845 WARN exited: api-worker_00 (exit status 255; not expected)
2024-01-17 14:58:36,845 INFO gave up: api-worker_00 entered FATAL state, too many start retries too quickly
2024-01-17 14:58:36,855 WARN exited: api-worker_06 (exit status 255; not expected)
2024-01-17 14:58:36,861 INFO gave up: api-worker_06 entered FATAL state, too many start retries too quickly
2024-01-17 14:58:36,865 WARN exited: api-worker_04 (exit status 255; not expected)
2024-01-17 14:58:36,866 INFO gave up: api-worker_04 entered FATAL state, too many start retries too quickly
2024-01-17 14:58:36,867 WARN exited: api-worker_07 (exit status 255; not expected)
2024-01-17 14:58:37,868 INFO gave up: api-worker_07 entered FATAL state, too many start retries too quickly
2024-01-17 14:58:57,888 WARN received SIGQUIT indicating exit request
2024-01-17 14:58:57,890 INFO waiting for nginx, php-fpm to die
2024-01-17 14:58:57,899 INFO stopped: php-fpm (exit status 0)
2024-01-17 14:58:57,917 INFO stopped: nginx (exit status 0)
2024-01-17 15:03:58,550 CRIT Supervisor is running as root.  Privileges were not dropped because no user is specified in the config file.  If you intend to run as root, you can set user=root in the config file to avoid this message.
2024-01-17 15:03:58,556 INFO RPC interface 'supervisor' initialized
2024-01-17 15:03:58,557 CRIT Server 'inet_http_server' running without any HTTP authentication checking
2024-01-17 15:03:58,558 INFO supervisord started with pid 1
2024-01-17 15:03:59,561 INFO spawned: 'api-worker_00' with pid 8
2024-01-17 15:03:59,563 INFO spawned: 'api-worker_01' with pid 9
2024-01-17 15:03:59,564 INFO spawned: 'api-worker_02' with pid 10
2024-01-17 15:03:59,566 INFO spawned: 'api-worker_03' with pid 11
2024-01-17 15:03:59,568 INFO spawned: 'api-worker_04' with pid 12
2024-01-17 15:03:59,570 INFO spawned: 'api-worker_05' with pid 13
2024-01-17 15:03:59,572 INFO spawned: 'api-worker_06' with pid 14
2024-01-17 15:03:59,574 INFO spawned: 'api-worker_07' with pid 15
2024-01-17 15:03:59,576 INFO spawned: 'nginx' with pid 16
2024-01-17 15:03:59,578 INFO spawned: 'php-fpm' with pid 17
2024-01-17 15:03:59,607 INFO success: nginx entered RUNNING state, process has stayed up for > than 0 seconds (startsecs)
2024-01-17 15:03:59,608 INFO success: php-fpm entered RUNNING state, process has stayed up for > than 0 seconds (startsecs)
2024-01-17 15:04:00,957 INFO success: api-worker_00 entered RUNNING state, process has stayed up for > than 1 seconds (startsecs)
2024-01-17 15:04:00,957 INFO success: api-worker_01 entered RUNNING state, process has stayed up for > than 1 seconds (startsecs)
2024-01-17 15:04:00,957 INFO success: api-worker_02 entered RUNNING state, process has stayed up for > than 1 seconds (startsecs)
2024-01-17 15:04:00,957 INFO success: api-worker_03 entered RUNNING state, process has stayed up for > than 1 seconds (startsecs)
2024-01-17 15:04:00,957 INFO success: api-worker_04 entered RUNNING state, process has stayed up for > than 1 seconds (startsecs)
2024-01-17 15:04:00,957 INFO success: api-worker_05 entered RUNNING state, process has stayed up for > than 1 seconds (startsecs)
2024-01-17 15:04:00,958 INFO success: api-worker_06 entered RUNNING state, process has stayed up for > than 1 seconds (startsecs)
2024-01-17 15:04:00,958 INFO success: api-worker_07 entered RUNNING state, process has stayed up for > than 1 seconds (startsecs)
2024-01-17 16:04:02,396 INFO exited: api-worker_02 (exit status 0; expected)
2024-01-17 16:04:02,397 INFO exited: api-worker_06 (exit status 0; expected)
2024-01-17 16:04:02,400 INFO spawned: 'api-worker_02' with pid 48
2024-01-17 16:04:02,402 INFO spawned: 'api-worker_06' with pid 49
2024-01-17 16:04:02,403 INFO exited: api-worker_00 (exit status 0; expected)
2024-01-17 16:04:02,403 INFO exited: api-worker_01 (exit status 0; expected)
2024-01-17 16:04:02,404 INFO exited: api-worker_04 (exit status 0; expected)
2024-01-17 16:04:02,404 INFO exited: api-worker_05 (exit status 0; expected)
2024-01-17 16:04:02,404 INFO exited: api-worker_07 (exit status 0; expected)
2024-01-17 16:04:02,406 INFO spawned: 'api-worker_00' with pid 50
2024-01-17 16:04:02,408 INFO spawned: 'api-worker_01' with pid 51
2024-01-17 16:04:02,411 INFO spawned: 'api-worker_04' with pid 52
2024-01-17 16:04:02,414 INFO spawned: 'api-worker_05' with pid 53
2024-01-17 16:04:02,417 INFO spawned: 'api-worker_07' with pid 54
2024-01-17 16:04:02,419 INFO exited: api-worker_03 (exit status 0; expected)
2024-01-17 16:04:02,422 INFO spawned: 'api-worker_03' with pid 55
2024-01-17 16:04:03,425 INFO success: api-worker_00 entered RUNNING state, process has stayed up for > than 1 seconds (startsecs)
2024-01-17 16:04:03,426 INFO success: api-worker_01 entered RUNNING state, process has stayed up for > than 1 seconds (startsecs)
2024-01-17 16:04:03,426 INFO success: api-worker_02 entered RUNNING state, process has stayed up for > than 1 seconds (startsecs)
2024-01-17 16:04:03,426 INFO success: api-worker_03 entered RUNNING state, process has stayed up for > than 1 seconds (startsecs)
2024-01-17 16:04:03,427 INFO success: api-worker_04 entered RUNNING state, process has stayed up for > than 1 seconds (startsecs)
2024-01-17 16:04:03,427 INFO success: api-worker_05 entered RUNNING state, process has stayed up for > than 1 seconds (startsecs)
2024-01-17 16:04:03,428 INFO success: api-worker_06 entered RUNNING state, process has stayed up for > than 1 seconds (startsecs)
2024-01-17 16:04:03,428 INFO success: api-worker_07 entered RUNNING state, process has stayed up for > than 1 seconds (startsecs)
2024-01-17 16:11:51,068 WARN received SIGQUIT indicating exit request
2024-01-17 16:11:51,069 INFO waiting for api-worker_00, api-worker_01, api-worker_02, api-worker_03, api-worker_04, api-worker_05, api-worker_06, api-worker_07, nginx, php-fpm to die
2024-01-17 16:11:51,080 INFO stopped: php-fpm (exit status 0)
2024-01-17 16:11:51,101 INFO stopped: nginx (exit status 0)
2024-01-17 16:11:51,114 WARN stopped: api-worker_07 (terminated by SIGTERM)
2024-01-17 16:11:51,115 WARN stopped: api-worker_02 (terminated by SIGTERM)
2024-01-17 16:11:51,115 WARN stopped: api-worker_06 (terminated by SIGTERM)
2024-01-17 16:11:51,116 WARN stopped: api-worker_00 (terminated by SIGTERM)
2024-01-17 16:11:51,116 WARN stopped: api-worker_01 (terminated by SIGTERM)
2024-01-17 16:11:51,116 WARN stopped: api-worker_04 (terminated by SIGTERM)
2024-01-17 16:11:51,116 WARN stopped: api-worker_05 (terminated by SIGTERM)
2024-01-17 16:11:51,116 WARN stopped: api-worker_03 (terminated by SIGTERM)
2024-01-17 16:12:11,557 CRIT Supervisor is running as root.  Privileges were not dropped because no user is specified in the config file.  If you intend to run as root, you can set user=root in the config file to avoid this message.
2024-01-17 16:12:11,564 INFO RPC interface 'supervisor' initialized
2024-01-17 16:12:11,564 CRIT Server 'inet_http_server' running without any HTTP authentication checking
2024-01-17 16:12:11,565 INFO supervisord started with pid 1
2024-01-17 16:12:12,568 INFO spawned: 'api-worker_00' with pid 6
2024-01-17 16:12:12,570 INFO spawned: 'api-worker_01' with pid 7
2024-01-17 16:12:12,571 INFO spawned: 'api-worker_02' with pid 8
2024-01-17 16:12:12,573 INFO spawned: 'api-worker_03' with pid 9
2024-01-17 16:12:12,575 INFO spawned: 'api-worker_04' with pid 10
2024-01-17 16:12:12,577 INFO spawned: 'api-worker_05' with pid 11
2024-01-17 16:12:12,579 INFO spawned: 'api-worker_06' with pid 12
2024-01-17 16:12:12,580 INFO spawned: 'api-worker_07' with pid 13
2024-01-17 16:12:12,582 INFO spawned: 'nginx' with pid 14
2024-01-17 16:12:12,585 INFO spawned: 'php-fpm' with pid 15
2024-01-17 16:12:12,605 INFO success: nginx entered RUNNING state, process has stayed up for > than 0 seconds (startsecs)
2024-01-17 16:12:12,606 INFO success: php-fpm entered RUNNING state, process has stayed up for > than 0 seconds (startsecs)
2024-01-17 16:12:13,642 INFO success: api-worker_00 entered RUNNING state, process has stayed up for > than 1 seconds (startsecs)
2024-01-17 16:12:13,642 INFO success: api-worker_01 entered RUNNING state, process has stayed up for > than 1 seconds (startsecs)
2024-01-17 16:12:13,642 INFO success: api-worker_02 entered RUNNING state, process has stayed up for > than 1 seconds (startsecs)
2024-01-17 16:12:13,642 INFO success: api-worker_03 entered RUNNING state, process has stayed up for > than 1 seconds (startsecs)
2024-01-17 16:12:13,642 INFO success: api-worker_04 entered RUNNING state, process has stayed up for > than 1 seconds (startsecs)
2024-01-17 16:12:13,642 INFO success: api-worker_05 entered RUNNING state, process has stayed up for > than 1 seconds (startsecs)
2024-01-17 16:12:13,642 INFO success: api-worker_06 entered RUNNING state, process has stayed up for > than 1 seconds (startsecs)
2024-01-17 16:12:13,642 INFO success: api-worker_07 entered RUNNING state, process has stayed up for > than 1 seconds (startsecs)
2024-01-17 16:39:54,650 INFO reaped unknown pid 60 (exit status 0)
2024-01-17 16:41:16,757 WARN received SIGQUIT indicating exit request
2024-01-17 16:41:16,758 INFO waiting for api-worker_00, api-worker_01, api-worker_02, api-worker_03, api-worker_04, api-worker_05, api-worker_06, api-worker_07, nginx, php-fpm to die
2024-01-17 16:41:16,772 INFO stopped: php-fpm (exit status 0)
2024-01-17 16:41:16,789 INFO stopped: nginx (exit status 0)
2024-01-17 16:41:16,805 WARN stopped: api-worker_07 (terminated by SIGTERM)
2024-01-17 16:41:16,806 WARN stopped: api-worker_00 (terminated by SIGTERM)
2024-01-17 16:41:16,808 WARN stopped: api-worker_03 (terminated by SIGTERM)
2024-01-17 16:41:16,808 WARN stopped: api-worker_04 (terminated by SIGTERM)
2024-01-17 16:41:16,809 WARN stopped: api-worker_05 (terminated by SIGTERM)
2024-01-17 16:41:16,809 WARN stopped: api-worker_06 (terminated by SIGTERM)
2024-01-17 16:41:16,814 WARN stopped: api-worker_01 (terminated by SIGTERM)
2024-01-17 16:41:16,814 WARN stopped: api-worker_02 (terminated by SIGTERM)
2024-01-17 16:41:19,618 CRIT Supervisor is running as root.  Privileges were not dropped because no user is specified in the config file.  If you intend to run as root, you can set user=root in the config file to avoid this message.
2024-01-17 16:41:19,627 INFO RPC interface 'supervisor' initialized
2024-01-17 16:41:19,627 CRIT Server 'inet_http_server' running without any HTTP authentication checking
2024-01-17 16:41:19,628 INFO supervisord started with pid 1
2024-01-17 16:41:20,633 INFO spawned: 'api-worker_00' with pid 7
2024-01-17 16:41:20,635 INFO spawned: 'api-worker_01' with pid 8
2024-01-17 16:41:20,637 INFO spawned: 'api-worker_02' with pid 9
2024-01-17 16:41:20,640 INFO spawned: 'api-worker_03' with pid 10
2024-01-17 16:41:20,642 INFO spawned: 'api-worker_04' with pid 11
2024-01-17 16:41:20,645 INFO spawned: 'api-worker_05' with pid 12
2024-01-17 16:41:20,647 INFO spawned: 'api-worker_06' with pid 13
2024-01-17 16:41:20,650 INFO spawned: 'api-worker_07' with pid 14
2024-01-17 16:41:20,657 INFO spawned: 'nginx' with pid 15
2024-01-17 16:41:20,665 INFO spawned: 'php-fpm' with pid 16
2024-01-17 16:41:20,692 INFO success: nginx entered RUNNING state, process has stayed up for > than 0 seconds (startsecs)
2024-01-17 16:41:20,693 INFO success: php-fpm entered RUNNING state, process has stayed up for > than 0 seconds (startsecs)
2024-01-17 16:41:21,740 INFO success: api-worker_00 entered RUNNING state, process has stayed up for > than 1 seconds (startsecs)
2024-01-17 16:41:21,740 INFO success: api-worker_01 entered RUNNING state, process has stayed up for > than 1 seconds (startsecs)
2024-01-17 16:41:21,740 INFO success: api-worker_02 entered RUNNING state, process has stayed up for > than 1 seconds (startsecs)
2024-01-17 16:41:21,740 INFO success: api-worker_03 entered RUNNING state, process has stayed up for > than 1 seconds (startsecs)
2024-01-17 16:41:21,740 INFO success: api-worker_04 entered RUNNING state, process has stayed up for > than 1 seconds (startsecs)
2024-01-17 16:41:21,740 INFO success: api-worker_05 entered RUNNING state, process has stayed up for > than 1 seconds (startsecs)
2024-01-17 16:41:21,741 INFO success: api-worker_06 entered RUNNING state, process has stayed up for > than 1 seconds (startsecs)
2024-01-17 16:41:21,741 INFO success: api-worker_07 entered RUNNING state, process has stayed up for > than 1 seconds (startsecs)
2024-01-17 16:41:31,752 WARN received SIGQUIT indicating exit request
2024-01-17 16:41:31,753 INFO waiting for api-worker_00, api-worker_01, api-worker_02, api-worker_03, api-worker_04, api-worker_05, api-worker_06, api-worker_07, nginx, php-fpm to die
2024-01-17 16:41:31,757 INFO stopped: php-fpm (exit status 0)
2024-01-17 16:41:31,768 INFO stopped: nginx (exit status 0)
2024-01-17 16:41:31,777 WARN stopped: api-worker_06 (terminated by SIGTERM)
2024-01-17 16:41:31,778 WARN stopped: api-worker_07 (terminated by SIGTERM)
2024-01-17 16:41:31,787 WARN stopped: api-worker_00 (terminated by SIGTERM)
2024-01-17 16:41:31,788 WARN stopped: api-worker_03 (terminated by SIGTERM)
2024-01-17 16:41:31,788 WARN stopped: api-worker_02 (terminated by SIGTERM)
2024-01-17 16:41:31,789 WARN stopped: api-worker_01 (terminated by SIGTERM)
2024-01-17 16:41:31,789 WARN stopped: api-worker_04 (terminated by SIGTERM)
2024-01-17 16:41:31,789 WARN stopped: api-worker_05 (terminated by SIGTERM)
2024-01-17 16:41:32,177 CRIT Supervisor is running as root.  Privileges were not dropped because no user is specified in the config file.  If you intend to run as root, you can set user=root in the config file to avoid this message.
2024-01-17 16:41:32,182 INFO RPC interface 'supervisor' initialized
2024-01-17 16:41:32,182 CRIT Server 'inet_http_server' running without any HTTP authentication checking
2024-01-17 16:41:32,183 INFO supervisord started with pid 1
2024-01-17 16:41:33,185 INFO spawned: 'api-worker_00' with pid 7
2024-01-17 16:41:33,188 INFO spawned: 'api-worker_01' with pid 8
2024-01-17 16:41:33,189 INFO spawned: 'api-worker_02' with pid 9
2024-01-17 16:41:33,192 INFO spawned: 'api-worker_03' with pid 10
2024-01-17 16:41:33,195 INFO spawned: 'api-worker_04' with pid 11
2024-01-17 16:41:33,198 INFO spawned: 'api-worker_05' with pid 12
2024-01-17 16:41:33,201 INFO spawned: 'api-worker_06' with pid 13
2024-01-17 16:41:33,203 INFO spawned: 'api-worker_07' with pid 14
2024-01-17 16:41:33,210 INFO spawned: 'nginx' with pid 15
2024-01-17 16:41:33,218 INFO spawned: 'php-fpm' with pid 16
2024-01-17 16:41:33,225 INFO success: nginx entered RUNNING state, process has stayed up for > than 0 seconds (startsecs)
2024-01-17 16:41:33,227 INFO success: php-fpm entered RUNNING state, process has stayed up for > than 0 seconds (startsecs)
2024-01-17 16:41:34,280 INFO success: api-worker_00 entered RUNNING state, process has stayed up for > than 1 seconds (startsecs)
2024-01-17 16:41:34,280 INFO success: api-worker_01 entered RUNNING state, process has stayed up for > than 1 seconds (startsecs)
2024-01-17 16:41:34,280 INFO success: api-worker_02 entered RUNNING state, process has stayed up for > than 1 seconds (startsecs)
2024-01-17 16:41:34,281 INFO success: api-worker_03 entered RUNNING state, process has stayed up for > than 1 seconds (startsecs)
2024-01-17 16:41:34,281 INFO success: api-worker_04 entered RUNNING state, process has stayed up for > than 1 seconds (startsecs)
2024-01-17 16:41:34,281 INFO success: api-worker_05 entered RUNNING state, process has stayed up for > than 1 seconds (startsecs)
2024-01-17 16:41:34,281 INFO success: api-worker_06 entered RUNNING state, process has stayed up for > than 1 seconds (startsecs)
2024-01-17 16:41:34,281 INFO success: api-worker_07 entered RUNNING state, process has stayed up for > than 1 seconds (startsecs)
2024-01-17 16:42:41,364 WARN received SIGQUIT indicating exit request
2024-01-17 16:42:41,366 INFO waiting for api-worker_00, api-worker_01, api-worker_02, api-worker_03, api-worker_04, api-worker_05, api-worker_06, api-worker_07, nginx, php-fpm to die
2024-01-17 16:42:41,371 INFO stopped: php-fpm (exit status 0)
2024-01-17 16:42:41,391 INFO stopped: nginx (exit status 0)
2024-01-17 16:42:41,408 WARN stopped: api-worker_07 (terminated by SIGTERM)
2024-01-17 16:42:41,410 WARN stopped: api-worker_00 (terminated by SIGTERM)
2024-01-17 16:42:41,411 WARN stopped: api-worker_03 (terminated by SIGTERM)
2024-01-17 16:42:41,412 WARN stopped: api-worker_01 (terminated by SIGTERM)
2024-01-17 16:42:41,413 WARN stopped: api-worker_02 (terminated by SIGTERM)
2024-01-17 16:42:41,414 WARN stopped: api-worker_04 (terminated by SIGTERM)
2024-01-17 16:42:41,414 WARN stopped: api-worker_05 (terminated by SIGTERM)
2024-01-17 16:42:41,415 WARN stopped: api-worker_06 (terminated by SIGTERM)
2024-01-17 16:42:41,959 CRIT Supervisor is running as root.  Privileges were not dropped because no user is specified in the config file.  If you intend to run as root, you can set user=root in the config file to avoid this message.
2024-01-17 16:42:41,965 INFO RPC interface 'supervisor' initialized
2024-01-17 16:42:41,965 CRIT Server 'inet_http_server' running without any HTTP authentication checking
2024-01-17 16:42:41,966 INFO supervisord started with pid 1
2024-01-17 16:42:42,968 INFO spawned: 'api-worker_00' with pid 7
2024-01-17 16:42:42,970 INFO spawned: 'api-worker_01' with pid 8
2024-01-17 16:42:42,972 INFO spawned: 'api-worker_02' with pid 9
2024-01-17 16:42:42,974 INFO spawned: 'api-worker_03' with pid 10
2024-01-17 16:42:42,975 INFO spawned: 'api-worker_04' with pid 11
2024-01-17 16:42:42,977 INFO spawned: 'api-worker_05' with pid 12
2024-01-17 16:42:42,979 INFO spawned: 'api-worker_06' with pid 13
2024-01-17 16:42:42,983 INFO spawned: 'api-worker_07' with pid 14
2024-01-17 16:42:42,990 INFO spawned: 'nginx' with pid 15
2024-01-17 16:42:42,999 INFO spawned: 'php-fpm' with pid 16
2024-01-17 16:42:43,009 INFO success: nginx entered RUNNING state, process has stayed up for > than 0 seconds (startsecs)
2024-01-17 16:42:43,010 INFO success: php-fpm entered RUNNING state, process has stayed up for > than 0 seconds (startsecs)
2024-01-17 16:42:44,050 INFO success: api-worker_00 entered RUNNING state, process has stayed up for > than 1 seconds (startsecs)
2024-01-17 16:42:44,050 INFO success: api-worker_01 entered RUNNING state, process has stayed up for > than 1 seconds (startsecs)
2024-01-17 16:42:44,050 INFO success: api-worker_02 entered RUNNING state, process has stayed up for > than 1 seconds (startsecs)
2024-01-17 16:42:44,050 INFO success: api-worker_03 entered RUNNING state, process has stayed up for > than 1 seconds (startsecs)
2024-01-17 16:42:44,055 INFO success: api-worker_04 entered RUNNING state, process has stayed up for > than 1 seconds (startsecs)
2024-01-17 16:42:44,055 INFO success: api-worker_05 entered RUNNING state, process has stayed up for > than 1 seconds (startsecs)
2024-01-17 16:42:44,055 INFO success: api-worker_06 entered RUNNING state, process has stayed up for > than 1 seconds (startsecs)
2024-01-17 16:42:44,055 INFO success: api-worker_07 entered RUNNING state, process has stayed up for > than 1 seconds (startsecs)
2024-01-17 16:44:07,152 WARN received SIGQUIT indicating exit request
2024-01-17 16:44:07,153 INFO waiting for api-worker_00, api-worker_01, api-worker_02, api-worker_03, api-worker_04, api-worker_05, api-worker_06, api-worker_07, nginx, php-fpm to die
2024-01-17 16:44:07,157 INFO stopped: php-fpm (exit status 0)
2024-01-17 16:44:07,170 INFO stopped: nginx (exit status 0)
2024-01-17 16:44:07,187 WARN stopped: api-worker_02 (terminated by SIGTERM)
2024-01-17 16:44:07,188 WARN stopped: api-worker_01 (terminated by SIGTERM)
2024-01-17 16:44:07,195 WARN stopped: api-worker_04 (terminated by SIGTERM)
2024-01-17 16:44:07,196 WARN stopped: api-worker_00 (terminated by SIGTERM)
2024-01-17 16:44:07,197 WARN stopped: api-worker_03 (terminated by SIGTERM)
2024-01-17 16:44:07,198 WARN stopped: api-worker_05 (terminated by SIGTERM)
2024-01-17 16:44:07,198 WARN stopped: api-worker_06 (terminated by SIGTERM)
2024-01-17 16:44:07,199 WARN stopped: api-worker_07 (terminated by SIGTERM)
2024-01-17 16:44:07,771 CRIT Supervisor is running as root.  Privileges were not dropped because no user is specified in the config file.  If you intend to run as root, you can set user=root in the config file to avoid this message.
2024-01-17 16:44:07,780 INFO RPC interface 'supervisor' initialized
2024-01-17 16:44:07,781 CRIT Server 'inet_http_server' running without any HTTP authentication checking
2024-01-17 16:44:07,781 INFO supervisord started with pid 1
2024-01-17 16:44:08,784 INFO spawned: 'api-worker_00' with pid 6
2024-01-17 16:44:08,786 INFO spawned: 'api-worker_01' with pid 7
2024-01-17 16:44:08,788 INFO spawned: 'api-worker_02' with pid 8
2024-01-17 16:44:08,792 INFO spawned: 'api-worker_03' with pid 9
2024-01-17 16:44:08,799 INFO spawned: 'api-worker_04' with pid 10
2024-01-17 16:44:08,803 INFO spawned: 'api-worker_05' with pid 11
2024-01-17 16:44:08,806 INFO spawned: 'api-worker_06' with pid 12
2024-01-17 16:44:08,815 INFO spawned: 'api-worker_07' with pid 13
2024-01-17 16:44:08,825 INFO spawned: 'nginx' with pid 14
2024-01-17 16:44:08,832 INFO spawned: 'php-fpm' with pid 15
2024-01-17 16:44:08,862 INFO success: nginx entered RUNNING state, process has stayed up for > than 0 seconds (startsecs)
2024-01-17 16:44:08,862 INFO success: php-fpm entered RUNNING state, process has stayed up for > than 0 seconds (startsecs)
2024-01-17 16:44:10,719 INFO success: api-worker_00 entered RUNNING state, process has stayed up for > than 1 seconds (startsecs)
2024-01-17 16:44:10,721 INFO success: api-worker_01 entered RUNNING state, process has stayed up for > than 1 seconds (startsecs)
2024-01-17 16:44:10,721 INFO success: api-worker_02 entered RUNNING state, process has stayed up for > than 1 seconds (startsecs)
2024-01-17 16:44:10,721 INFO success: api-worker_03 entered RUNNING state, process has stayed up for > than 1 seconds (startsecs)
2024-01-17 16:44:10,722 INFO success: api-worker_04 entered RUNNING state, process has stayed up for > than 1 seconds (startsecs)
2024-01-17 16:44:10,722 INFO success: api-worker_05 entered RUNNING state, process has stayed up for > than 1 seconds (startsecs)
2024-01-17 16:44:10,722 INFO success: api-worker_06 entered RUNNING state, process has stayed up for > than 1 seconds (startsecs)
2024-01-17 16:44:10,722 INFO success: api-worker_07 entered RUNNING state, process has stayed up for > than 1 seconds (startsecs)
2024-01-17 16:46:07,679 WARN received SIGQUIT indicating exit request
2024-01-17 16:46:07,683 INFO waiting for api-worker_00, api-worker_01, api-worker_02, api-worker_03, api-worker_04, api-worker_05, api-worker_06, api-worker_07, nginx, php-fpm to die
2024-01-17 16:46:07,690 INFO stopped: php-fpm (exit status 0)
2024-01-17 16:46:07,707 INFO stopped: nginx (exit status 0)
2024-01-17 16:46:07,720 WARN stopped: api-worker_06 (terminated by SIGTERM)
2024-01-17 16:46:07,720 WARN stopped: api-worker_05 (terminated by SIGTERM)
2024-01-17 16:46:07,720 WARN stopped: api-worker_00 (terminated by SIGTERM)
2024-01-17 16:46:07,721 WARN stopped: api-worker_03 (terminated by SIGTERM)
2024-01-17 16:46:07,721 WARN stopped: api-worker_07 (terminated by SIGTERM)
2024-01-17 16:46:07,725 WARN stopped: api-worker_01 (terminated by SIGTERM)
2024-01-17 16:46:07,725 WARN stopped: api-worker_02 (terminated by SIGTERM)
2024-01-17 16:46:07,725 WARN stopped: api-worker_04 (terminated by SIGTERM)
2024-01-17 16:46:08,513 CRIT Supervisor is running as root.  Privileges were not dropped because no user is specified in the config file.  If you intend to run as root, you can set user=root in the config file to avoid this message.
2024-01-17 16:46:08,522 INFO RPC interface 'supervisor' initialized
2024-01-17 16:46:08,522 CRIT Server 'inet_http_server' running without any HTTP authentication checking
2024-01-17 16:46:08,523 INFO supervisord started with pid 1
2024-01-17 16:46:09,525 INFO spawned: 'api-worker_00' with pid 8
2024-01-17 16:46:09,528 INFO spawned: 'api-worker_01' with pid 9
2024-01-17 16:46:09,530 INFO spawned: 'api-worker_02' with pid 10
2024-01-17 16:46:09,533 INFO spawned: 'api-worker_03' with pid 11
2024-01-17 16:46:09,536 INFO spawned: 'api-worker_04' with pid 12
2024-01-17 16:46:09,541 INFO spawned: 'api-worker_05' with pid 13
2024-01-17 16:46:09,544 INFO spawned: 'api-worker_06' with pid 14
2024-01-17 16:46:09,547 INFO spawned: 'api-worker_07' with pid 15
2024-01-17 16:46:09,550 INFO spawned: 'nginx' with pid 16
2024-01-17 16:46:09,557 INFO spawned: 'php-fpm' with pid 17
2024-01-17 16:46:09,599 INFO success: nginx entered RUNNING state, process has stayed up for > than 0 seconds (startsecs)
2024-01-17 16:46:09,600 INFO success: php-fpm entered RUNNING state, process has stayed up for > than 0 seconds (startsecs)
2024-01-17 16:46:10,642 INFO success: api-worker_00 entered RUNNING state, process has stayed up for > than 1 seconds (startsecs)
2024-01-17 16:46:10,648 INFO success: api-worker_01 entered RUNNING state, process has stayed up for > than 1 seconds (startsecs)
2024-01-17 16:46:10,648 INFO success: api-worker_02 entered RUNNING state, process has stayed up for > than 1 seconds (startsecs)
2024-01-17 16:46:10,649 INFO success: api-worker_03 entered RUNNING state, process has stayed up for > than 1 seconds (startsecs)
2024-01-17 16:46:10,649 INFO success: api-worker_04 entered RUNNING state, process has stayed up for > than 1 seconds (startsecs)
2024-01-17 16:46:10,649 INFO success: api-worker_05 entered RUNNING state, process has stayed up for > than 1 seconds (startsecs)
2024-01-17 16:46:10,649 INFO success: api-worker_06 entered RUNNING state, process has stayed up for > than 1 seconds (startsecs)
2024-01-17 16:46:10,649 INFO success: api-worker_07 entered RUNNING state, process has stayed up for > than 1 seconds (startsecs)
2024-01-17 16:47:25,175 WARN received SIGQUIT indicating exit request
2024-01-17 16:47:25,176 INFO waiting for api-worker_00, api-worker_01, api-worker_02, api-worker_03, api-worker_04, api-worker_05, api-worker_06, api-worker_07, nginx, php-fpm to die
2024-01-17 16:47:25,184 INFO stopped: php-fpm (exit status 0)
2024-01-17 16:47:25,203 INFO stopped: nginx (exit status 0)
2024-01-17 16:47:25,211 WARN stopped: api-worker_04 (terminated by SIGTERM)
2024-01-17 16:47:25,219 WARN stopped: api-worker_02 (terminated by SIGTERM)
2024-01-17 16:47:25,221 WARN stopped: api-worker_05 (terminated by SIGTERM)
2024-01-17 16:47:25,222 WARN stopped: api-worker_01 (terminated by SIGTERM)
2024-01-17 16:47:25,222 WARN stopped: api-worker_03 (terminated by SIGTERM)
2024-01-17 16:47:25,222 WARN stopped: api-worker_06 (terminated by SIGTERM)
2024-01-17 16:47:25,223 WARN stopped: api-worker_07 (terminated by SIGTERM)
2024-01-17 16:47:25,224 WARN stopped: api-worker_00 (terminated by SIGTERM)
2024-01-17 16:47:26,093 CRIT Supervisor is running as root.  Privileges were not dropped because no user is specified in the config file.  If you intend to run as root, you can set user=root in the config file to avoid this message.
2024-01-17 16:47:26,100 INFO RPC interface 'supervisor' initialized
2024-01-17 16:47:26,100 CRIT Server 'inet_http_server' running without any HTTP authentication checking
2024-01-17 16:47:26,102 INFO supervisord started with pid 1
2024-01-17 16:47:27,104 INFO spawned: 'api-worker_00' with pid 8
2024-01-17 16:47:27,107 INFO spawned: 'api-worker_01' with pid 9
2024-01-17 16:47:27,111 INFO spawned: 'api-worker_02' with pid 10
2024-01-17 16:47:27,114 INFO spawned: 'api-worker_03' with pid 11
2024-01-17 16:47:27,117 INFO spawned: 'api-worker_04' with pid 12
2024-01-17 16:47:27,119 INFO spawned: 'api-worker_05' with pid 13
2024-01-17 16:47:27,122 INFO spawned: 'api-worker_06' with pid 14
2024-01-17 16:47:27,125 INFO spawned: 'api-worker_07' with pid 15
2024-01-17 16:47:27,128 INFO spawned: 'nginx' with pid 16
2024-01-17 16:47:27,132 INFO spawned: 'php-fpm' with pid 17
2024-01-17 16:47:27,149 INFO success: nginx entered RUNNING state, process has stayed up for > than 0 seconds (startsecs)
2024-01-17 16:47:27,149 INFO success: php-fpm entered RUNNING state, process has stayed up for > than 0 seconds (startsecs)
2024-01-17 16:47:28,224 INFO success: api-worker_00 entered RUNNING state, process has stayed up for > than 1 seconds (startsecs)
2024-01-17 16:47:29,652 INFO success: api-worker_01 entered RUNNING state, process has stayed up for > than 1 seconds (startsecs)
2024-01-17 16:47:29,654 INFO success: api-worker_02 entered RUNNING state, process has stayed up for > than 1 seconds (startsecs)
2024-01-17 16:47:29,656 INFO success: api-worker_03 entered RUNNING state, process has stayed up for > than 1 seconds (startsecs)
2024-01-17 16:47:29,657 INFO success: api-worker_04 entered RUNNING state, process has stayed up for > than 1 seconds (startsecs)
2024-01-17 16:47:29,657 INFO success: api-worker_05 entered RUNNING state, process has stayed up for > than 1 seconds (startsecs)
2024-01-17 16:47:29,657 INFO success: api-worker_06 entered RUNNING state, process has stayed up for > than 1 seconds (startsecs)
2024-01-17 16:47:29,658 INFO success: api-worker_07 entered RUNNING state, process has stayed up for > than 1 seconds (startsecs)
2024-01-17 16:47:49,703 WARN received SIGQUIT indicating exit request
2024-01-17 16:47:49,704 INFO waiting for api-worker_00, api-worker_01, api-worker_02, api-worker_03, api-worker_04, api-worker_05, api-worker_06, api-worker_07, nginx, php-fpm to die
2024-01-17 16:47:49,718 INFO stopped: php-fpm (exit status 0)
2024-01-17 16:47:49,737 INFO stopped: nginx (exit status 0)
2024-01-17 16:47:49,750 WARN stopped: api-worker_07 (terminated by SIGTERM)
2024-01-17 16:47:49,753 WARN stopped: api-worker_01 (terminated by SIGTERM)
2024-01-17 16:47:49,753 WARN stopped: api-worker_00 (terminated by SIGTERM)
2024-01-17 16:47:49,753 WARN stopped: api-worker_02 (terminated by SIGTERM)
2024-01-17 16:47:49,754 WARN stopped: api-worker_03 (terminated by SIGTERM)
2024-01-17 16:47:49,754 WARN stopped: api-worker_04 (terminated by SIGTERM)
2024-01-17 16:47:49,754 WARN stopped: api-worker_05 (terminated by SIGTERM)
2024-01-17 16:47:49,754 WARN stopped: api-worker_06 (terminated by SIGTERM)
2024-01-17 16:47:55,706 CRIT Supervisor is running as root.  Privileges were not dropped because no user is specified in the config file.  If you intend to run as root, you can set user=root in the config file to avoid this message.
2024-01-17 16:47:55,712 INFO RPC interface 'supervisor' initialized
2024-01-17 16:47:55,712 CRIT Server 'inet_http_server' running without any HTTP authentication checking
2024-01-17 16:47:55,713 INFO supervisord started with pid 1
2024-01-17 16:47:56,715 INFO spawned: 'api-worker_00' with pid 7
2024-01-17 16:47:56,717 INFO spawned: 'api-worker_01' with pid 8
2024-01-17 16:47:56,719 INFO spawned: 'api-worker_02' with pid 9
2024-01-17 16:47:56,720 INFO spawned: 'api-worker_03' with pid 10
2024-01-17 16:47:56,722 INFO spawned: 'api-worker_04' with pid 11
2024-01-17 16:47:56,724 INFO spawned: 'api-worker_05' with pid 12
2024-01-17 16:47:56,726 INFO spawned: 'api-worker_06' with pid 13
2024-01-17 16:47:56,729 INFO spawned: 'api-worker_07' with pid 14
2024-01-17 16:47:56,732 INFO spawned: 'nginx' with pid 15
2024-01-17 16:47:56,734 INFO spawned: 'php-fpm' with pid 16
2024-01-17 16:47:56,754 INFO success: nginx entered RUNNING state, process has stayed up for > than 0 seconds (startsecs)
2024-01-17 16:47:56,754 INFO success: php-fpm entered RUNNING state, process has stayed up for > than 0 seconds (startsecs)
2024-01-17 16:47:58,642 INFO success: api-worker_00 entered RUNNING state, process has stayed up for > than 1 seconds (startsecs)
2024-01-17 16:47:58,643 INFO success: api-worker_01 entered RUNNING state, process has stayed up for > than 1 seconds (startsecs)
2024-01-17 16:47:58,643 INFO success: api-worker_02 entered RUNNING state, process has stayed up for > than 1 seconds (startsecs)
2024-01-17 16:47:58,643 INFO success: api-worker_03 entered RUNNING state, process has stayed up for > than 1 seconds (startsecs)
2024-01-17 16:47:58,643 INFO success: api-worker_04 entered RUNNING state, process has stayed up for > than 1 seconds (startsecs)
2024-01-17 16:47:58,643 INFO success: api-worker_05 entered RUNNING state, process has stayed up for > than 1 seconds (startsecs)
2024-01-17 16:47:58,643 INFO success: api-worker_06 entered RUNNING state, process has stayed up for > than 1 seconds (startsecs)
2024-01-17 16:47:58,643 INFO success: api-worker_07 entered RUNNING state, process has stayed up for > than 1 seconds (startsecs)
2024-01-17 16:49:25,749 WARN received SIGQUIT indicating exit request
2024-01-17 16:49:25,750 INFO waiting for api-worker_00, api-worker_01, api-worker_02, api-worker_03, api-worker_04, api-worker_05, api-worker_06, api-worker_07, nginx, php-fpm to die
2024-01-17 16:49:25,756 INFO stopped: php-fpm (exit status 0)
2024-01-17 16:49:25,771 INFO stopped: nginx (exit status 0)
2024-01-17 16:49:25,791 WARN stopped: api-worker_02 (terminated by SIGTERM)
2024-01-17 16:49:25,792 WARN stopped: api-worker_01 (terminated by SIGTERM)
2024-01-17 16:49:25,792 WARN stopped: api-worker_03 (terminated by SIGTERM)
2024-01-17 16:49:25,792 WARN stopped: api-worker_04 (terminated by SIGTERM)
2024-01-17 16:49:25,793 WARN stopped: api-worker_05 (terminated by SIGTERM)
2024-01-17 16:49:25,793 WARN stopped: api-worker_06 (terminated by SIGTERM)
2024-01-17 16:49:25,793 WARN stopped: api-worker_07 (terminated by SIGTERM)
2024-01-17 16:49:25,796 WARN stopped: api-worker_00 (terminated by SIGTERM)
2024-01-17 16:49:27,988 CRIT Supervisor is running as root.  Privileges were not dropped because no user is specified in the config file.  If you intend to run as root, you can set user=root in the config file to avoid this message.
2024-01-17 16:49:27,993 INFO RPC interface 'supervisor' initialized
2024-01-17 16:49:27,993 CRIT Server 'inet_http_server' running without any HTTP authentication checking
2024-01-17 16:49:27,994 INFO supervisord started with pid 1
2024-01-17 16:49:28,996 INFO spawned: 'api-worker_00' with pid 7
2024-01-17 16:49:28,998 INFO spawned: 'api-worker_01' with pid 8
2024-01-17 16:49:29,000 INFO spawned: 'api-worker_02' with pid 9
2024-01-17 16:49:29,002 INFO spawned: 'api-worker_03' with pid 10
2024-01-17 16:49:29,004 INFO spawned: 'api-worker_04' with pid 11
2024-01-17 16:49:29,006 INFO spawned: 'api-worker_05' with pid 12
2024-01-17 16:49:29,008 INFO spawned: 'api-worker_06' with pid 13
2024-01-17 16:49:29,010 INFO spawned: 'api-worker_07' with pid 14
2024-01-17 16:49:29,012 INFO spawned: 'nginx' with pid 15
2024-01-17 16:49:29,017 INFO spawned: 'php-fpm' with pid 16
2024-01-17 16:49:29,043 INFO success: nginx entered RUNNING state, process has stayed up for > than 0 seconds (startsecs)
2024-01-17 16:49:29,044 INFO success: php-fpm entered RUNNING state, process has stayed up for > than 0 seconds (startsecs)
2024-01-17 16:49:30,099 INFO success: api-worker_00 entered RUNNING state, process has stayed up for > than 1 seconds (startsecs)
2024-01-17 16:49:30,099 INFO success: api-worker_01 entered RUNNING state, process has stayed up for > than 1 seconds (startsecs)
2024-01-17 16:49:30,099 INFO success: api-worker_02 entered RUNNING state, process has stayed up for > than 1 seconds (startsecs)
2024-01-17 16:49:30,099 INFO success: api-worker_03 entered RUNNING state, process has stayed up for > than 1 seconds (startsecs)
2024-01-17 16:49:30,099 INFO success: api-worker_04 entered RUNNING state, process has stayed up for > than 1 seconds (startsecs)
2024-01-17 16:49:30,099 INFO success: api-worker_05 entered RUNNING state, process has stayed up for > than 1 seconds (startsecs)
2024-01-17 16:49:30,099 INFO success: api-worker_06 entered RUNNING state, process has stayed up for > than 1 seconds (startsecs)
2024-01-17 16:49:30,100 INFO success: api-worker_07 entered RUNNING state, process has stayed up for > than 1 seconds (startsecs)
2024-01-17 16:50:29,713 WARN received SIGQUIT indicating exit request
2024-01-17 16:50:29,714 INFO waiting for api-worker_00, api-worker_01, api-worker_02, api-worker_03, api-worker_04, api-worker_05, api-worker_06, api-worker_07, nginx, php-fpm to die
2024-01-17 16:50:29,727 INFO stopped: php-fpm (exit status 0)
2024-01-17 16:50:29,739 INFO stopped: nginx (exit status 0)
2024-01-17 16:50:29,751 WARN stopped: api-worker_04 (terminated by SIGTERM)
2024-01-17 16:50:29,752 WARN stopped: api-worker_03 (terminated by SIGTERM)
2024-01-17 16:50:29,753 WARN stopped: api-worker_05 (terminated by SIGTERM)
2024-01-17 16:50:29,754 WARN stopped: api-worker_02 (terminated by SIGTERM)
2024-01-17 16:50:29,754 WARN stopped: api-worker_06 (terminated by SIGTERM)
2024-01-17 16:50:29,754 WARN stopped: api-worker_07 (terminated by SIGTERM)
2024-01-17 16:50:29,755 WARN stopped: api-worker_01 (terminated by SIGTERM)
2024-01-17 16:50:29,756 WARN stopped: api-worker_00 (terminated by SIGTERM)
2024-01-17 16:54:55,609 CRIT Supervisor is running as root.  Privileges were not dropped because no user is specified in the config file.  If you intend to run as root, you can set user=root in the config file to avoid this message.
2024-01-17 16:54:55,614 INFO RPC interface 'supervisor' initialized
2024-01-17 16:54:55,614 CRIT Server 'inet_http_server' running without any HTTP authentication checking
2024-01-17 16:54:55,615 INFO supervisord started with pid 1
2024-01-17 16:54:56,619 INFO spawned: 'api-worker_00' with pid 16
2024-01-17 16:54:56,625 INFO spawned: 'api-worker_01' with pid 17
2024-01-17 16:54:56,629 INFO spawned: 'api-worker_02' with pid 18
2024-01-17 16:54:56,635 INFO spawned: 'api-worker_03' with pid 19
2024-01-17 16:54:56,639 INFO spawned: 'api-worker_04' with pid 20
2024-01-17 16:54:56,642 INFO spawned: 'api-worker_05' with pid 21
2024-01-17 16:54:56,646 INFO spawned: 'api-worker_06' with pid 22
2024-01-17 16:54:56,649 INFO spawned: 'api-worker_07' with pid 23
2024-01-17 16:54:56,651 INFO spawned: 'nginx' with pid 24
2024-01-17 16:54:56,653 INFO spawned: 'php-fpm' with pid 25
2024-01-17 16:54:56,663 INFO success: nginx entered RUNNING state, process has stayed up for > than 0 seconds (startsecs)
2024-01-17 16:54:56,663 INFO success: php-fpm entered RUNNING state, process has stayed up for > than 0 seconds (startsecs)
2024-01-17 16:54:57,686 INFO success: api-worker_00 entered RUNNING state, process has stayed up for > than 1 seconds (startsecs)
2024-01-17 16:54:57,687 INFO success: api-worker_01 entered RUNNING state, process has stayed up for > than 1 seconds (startsecs)
2024-01-17 16:54:57,687 INFO success: api-worker_02 entered RUNNING state, process has stayed up for > than 1 seconds (startsecs)
2024-01-17 16:54:57,687 INFO success: api-worker_03 entered RUNNING state, process has stayed up for > than 1 seconds (startsecs)
2024-01-17 16:54:57,687 INFO success: api-worker_04 entered RUNNING state, process has stayed up for > than 1 seconds (startsecs)
2024-01-17 16:54:57,687 INFO success: api-worker_05 entered RUNNING state, process has stayed up for > than 1 seconds (startsecs)
2024-01-17 16:54:57,687 INFO success: api-worker_06 entered RUNNING state, process has stayed up for > than 1 seconds (startsecs)
2024-01-17 16:54:57,688 INFO success: api-worker_07 entered RUNNING state, process has stayed up for > than 1 seconds (startsecs)
2024-01-17 16:56:34,807 WARN received SIGQUIT indicating exit request
2024-01-17 16:56:34,808 INFO waiting for api-worker_00, api-worker_01, api-worker_02, api-worker_03, api-worker_04, api-worker_05, api-worker_06, api-worker_07, nginx, php-fpm to die
2024-01-17 16:56:34,813 INFO stopped: php-fpm (exit status 0)
2024-01-17 16:56:34,835 INFO stopped: nginx (exit status 0)
2024-01-17 16:56:34,850 WARN stopped: api-worker_00 (terminated by SIGTERM)
2024-01-17 16:56:34,851 WARN stopped: api-worker_06 (terminated by SIGTERM)
2024-01-17 16:56:34,852 WARN stopped: api-worker_07 (terminated by SIGTERM)
2024-01-17 16:56:34,852 WARN stopped: api-worker_02 (terminated by SIGTERM)
2024-01-17 16:56:34,853 WARN stopped: api-worker_03 (terminated by SIGTERM)
2024-01-17 16:56:34,853 WARN stopped: api-worker_04 (terminated by SIGTERM)
2024-01-17 16:56:34,854 WARN stopped: api-worker_05 (terminated by SIGTERM)
2024-01-17 16:56:34,856 WARN stopped: api-worker_01 (terminated by SIGTERM)
2024-01-17 16:57:16,299 CRIT Supervisor is running as root.  Privileges were not dropped because no user is specified in the config file.  If you intend to run as root, you can set user=root in the config file to avoid this message.
2024-01-17 16:57:16,304 INFO RPC interface 'supervisor' initialized
2024-01-17 16:57:16,304 CRIT Server 'inet_http_server' running without any HTTP authentication checking
2024-01-17 16:57:16,305 INFO supervisord started with pid 1
2024-01-17 16:57:17,309 INFO spawned: 'api-worker_00' with pid 10
2024-01-17 16:57:17,314 INFO spawned: 'api-worker_01' with pid 11
2024-01-17 16:57:17,317 INFO spawned: 'api-worker_02' with pid 12
2024-01-17 16:57:17,321 INFO spawned: 'api-worker_03' with pid 13
2024-01-17 16:57:17,323 INFO spawned: 'api-worker_04' with pid 14
2024-01-17 16:57:17,326 INFO spawned: 'api-worker_05' with pid 15
2024-01-17 16:57:17,329 INFO spawned: 'api-worker_06' with pid 16
2024-01-17 16:57:17,331 INFO spawned: 'api-worker_07' with pid 17
2024-01-17 16:57:17,332 INFO spawned: 'nginx' with pid 18
2024-01-17 16:57:17,338 INFO spawned: 'php-fpm' with pid 19
2024-01-17 16:57:17,341 INFO success: nginx entered RUNNING state, process has stayed up for > than 0 seconds (startsecs)
2024-01-17 16:57:17,341 INFO success: php-fpm entered RUNNING state, process has stayed up for > than 0 seconds (startsecs)
2024-01-17 16:57:18,377 INFO success: api-worker_00 entered RUNNING state, process has stayed up for > than 1 seconds (startsecs)
2024-01-17 16:57:18,377 INFO success: api-worker_01 entered RUNNING state, process has stayed up for > than 1 seconds (startsecs)
2024-01-17 16:57:18,377 INFO success: api-worker_02 entered RUNNING state, process has stayed up for > than 1 seconds (startsecs)
2024-01-17 16:57:18,377 INFO success: api-worker_03 entered RUNNING state, process has stayed up for > than 1 seconds (startsecs)
2024-01-17 16:57:18,377 INFO success: api-worker_04 entered RUNNING state, process has stayed up for > than 1 seconds (startsecs)
2024-01-17 16:57:18,377 INFO success: api-worker_05 entered RUNNING state, process has stayed up for > than 1 seconds (startsecs)
2024-01-17 16:57:18,377 INFO success: api-worker_06 entered RUNNING state, process has stayed up for > than 1 seconds (startsecs)
2024-01-17 16:57:18,378 INFO success: api-worker_07 entered RUNNING state, process has stayed up for > than 1 seconds (startsecs)
2024-01-17 16:58:26,463 WARN received SIGQUIT indicating exit request
2024-01-17 16:58:26,465 INFO waiting for api-worker_00, api-worker_01, api-worker_02, api-worker_03, api-worker_04, api-worker_05, api-worker_06, api-worker_07, nginx, php-fpm to die
2024-01-17 16:58:26,470 INFO stopped: php-fpm (exit status 0)
2024-01-17 16:58:26,489 INFO stopped: nginx (exit status 0)
2024-01-17 16:58:26,497 WARN stopped: api-worker_01 (terminated by SIGTERM)
2024-01-17 16:58:26,504 WARN stopped: api-worker_02 (terminated by SIGTERM)
2024-01-17 16:58:26,504 WARN stopped: api-worker_00 (terminated by SIGTERM)
2024-01-17 16:58:26,504 WARN stopped: api-worker_04 (terminated by SIGTERM)
2024-01-17 16:58:26,504 WARN stopped: api-worker_05 (terminated by SIGTERM)
2024-01-17 16:58:26,505 WARN stopped: api-worker_06 (terminated by SIGTERM)
2024-01-17 16:58:26,505 WARN stopped: api-worker_03 (terminated by SIGTERM)
2024-01-17 16:58:26,505 WARN stopped: api-worker_07 (terminated by SIGTERM)
2024-01-17 17:01:25,691 CRIT Supervisor is running as root.  Privileges were not dropped because no user is specified in the config file.  If you intend to run as root, you can set user=root in the config file to avoid this message.
2024-01-17 17:01:25,696 INFO RPC interface 'supervisor' initialized
2024-01-17 17:01:25,696 CRIT Server 'inet_http_server' running without any HTTP authentication checking
2024-01-17 17:01:25,697 INFO supervisord started with pid 1
2024-01-17 17:01:26,700 INFO spawned: 'api-worker_00' with pid 10
2024-01-17 17:01:26,702 INFO spawned: 'api-worker_01' with pid 11
2024-01-17 17:01:26,703 INFO spawned: 'api-worker_02' with pid 12
2024-01-17 17:01:26,706 INFO spawned: 'api-worker_03' with pid 13
2024-01-17 17:01:26,709 INFO spawned: 'api-worker_04' with pid 14
2024-01-17 17:01:26,712 INFO spawned: 'api-worker_05' with pid 15
2024-01-17 17:01:26,714 INFO spawned: 'api-worker_06' with pid 16
2024-01-17 17:01:26,717 INFO spawned: 'api-worker_07' with pid 17
2024-01-17 17:01:26,721 INFO spawned: 'nginx' with pid 18
2024-01-17 17:01:26,726 INFO spawned: 'php-fpm' with pid 19
2024-01-17 17:01:26,735 INFO success: nginx entered RUNNING state, process has stayed up for > than 0 seconds (startsecs)
2024-01-17 17:01:26,735 INFO success: php-fpm entered RUNNING state, process has stayed up for > than 0 seconds (startsecs)
2024-01-17 17:01:27,769 INFO success: api-worker_00 entered RUNNING state, process has stayed up for > than 1 seconds (startsecs)
2024-01-17 17:01:27,770 INFO success: api-worker_01 entered RUNNING state, process has stayed up for > than 1 seconds (startsecs)
2024-01-17 17:01:27,770 INFO success: api-worker_02 entered RUNNING state, process has stayed up for > than 1 seconds (startsecs)
2024-01-17 17:01:27,771 INFO success: api-worker_03 entered RUNNING state, process has stayed up for > than 1 seconds (startsecs)
2024-01-17 17:01:27,772 INFO success: api-worker_04 entered RUNNING state, process has stayed up for > than 1 seconds (startsecs)
2024-01-17 17:01:27,772 INFO success: api-worker_05 entered RUNNING state, process has stayed up for > than 1 seconds (startsecs)
2024-01-17 17:01:27,773 INFO success: api-worker_06 entered RUNNING state, process has stayed up for > than 1 seconds (startsecs)
2024-01-17 17:01:27,774 INFO success: api-worker_07 entered RUNNING state, process has stayed up for > than 1 seconds (startsecs)
2024-01-17 17:01:45,794 WARN received SIGQUIT indicating exit request
2024-01-17 17:01:45,795 INFO waiting for api-worker_00, api-worker_01, api-worker_02, api-worker_03, api-worker_04, api-worker_05, api-worker_06, api-worker_07, nginx, php-fpm to die
2024-01-17 17:01:45,806 INFO stopped: php-fpm (exit status 0)
2024-01-17 17:01:45,823 INFO stopped: nginx (exit status 0)
2024-01-17 17:01:45,841 WARN stopped: api-worker_02 (terminated by SIGTERM)
2024-01-17 17:01:45,842 WARN stopped: api-worker_00 (terminated by SIGTERM)
2024-01-17 17:01:45,842 WARN stopped: api-worker_01 (terminated by SIGTERM)
2024-01-17 17:01:45,842 WARN stopped: api-worker_03 (terminated by SIGTERM)
2024-01-17 17:01:45,843 WARN stopped: api-worker_04 (terminated by SIGTERM)
2024-01-17 17:01:45,843 WARN stopped: api-worker_05 (terminated by SIGTERM)
2024-01-17 17:01:45,843 WARN stopped: api-worker_06 (terminated by SIGTERM)
2024-01-17 17:01:45,843 WARN stopped: api-worker_07 (terminated by SIGTERM)
2024-01-17 17:05:42,994 CRIT Supervisor is running as root.  Privileges were not dropped because no user is specified in the config file.  If you intend to run as root, you can set user=root in the config file to avoid this message.
2024-01-17 17:05:43,000 INFO RPC interface 'supervisor' initialized
2024-01-17 17:05:43,001 CRIT Server 'inet_http_server' running without any HTTP authentication checking
2024-01-17 17:05:43,003 INFO supervisord started with pid 1
2024-01-17 17:05:44,005 INFO spawned: 'api-worker_00' with pid 10
2024-01-17 17:05:44,008 INFO spawned: 'api-worker_01' with pid 11
2024-01-17 17:05:44,010 INFO spawned: 'api-worker_02' with pid 12
2024-01-17 17:05:44,012 INFO spawned: 'api-worker_03' with pid 13
2024-01-17 17:05:44,015 INFO spawned: 'api-worker_04' with pid 14
2024-01-17 17:05:44,018 INFO spawned: 'api-worker_05' with pid 15
2024-01-17 17:05:44,021 INFO spawned: 'api-worker_06' with pid 16
2024-01-17 17:05:44,023 INFO spawned: 'api-worker_07' with pid 17
2024-01-17 17:05:44,027 INFO spawned: 'nginx' with pid 18
2024-01-17 17:05:44,030 INFO spawned: 'php-fpm' with pid 19
2024-01-17 17:05:44,044 INFO success: nginx entered RUNNING state, process has stayed up for > than 0 seconds (startsecs)
2024-01-17 17:05:44,045 INFO success: php-fpm entered RUNNING state, process has stayed up for > than 0 seconds (startsecs)
2024-01-17 17:05:45,086 INFO success: api-worker_00 entered RUNNING state, process has stayed up for > than 1 seconds (startsecs)
2024-01-17 17:05:45,088 INFO success: api-worker_01 entered RUNNING state, process has stayed up for > than 1 seconds (startsecs)
2024-01-17 17:05:45,088 INFO success: api-worker_02 entered RUNNING state, process has stayed up for > than 1 seconds (startsecs)
2024-01-17 17:05:45,089 INFO success: api-worker_03 entered RUNNING state, process has stayed up for > than 1 seconds (startsecs)
2024-01-17 17:05:45,089 INFO success: api-worker_04 entered RUNNING state, process has stayed up for > than 1 seconds (startsecs)
2024-01-17 17:05:45,089 INFO success: api-worker_05 entered RUNNING state, process has stayed up for > than 1 seconds (startsecs)
2024-01-17 17:05:45,089 INFO success: api-worker_06 entered RUNNING state, process has stayed up for > than 1 seconds (startsecs)
2024-01-17 17:05:45,090 INFO success: api-worker_07 entered RUNNING state, process has stayed up for > than 1 seconds (startsecs)
2024-01-17 17:06:05,115 WARN received SIGQUIT indicating exit request
2024-01-17 17:06:05,116 INFO waiting for api-worker_00, api-worker_01, api-worker_02, api-worker_03, api-worker_04, api-worker_05, api-worker_06, api-worker_07, nginx, php-fpm to die
2024-01-17 17:06:05,126 INFO stopped: php-fpm (exit status 0)
2024-01-17 17:06:05,139 INFO stopped: nginx (exit status 0)
2024-01-17 17:06:05,147 WARN stopped: api-worker_04 (terminated by SIGTERM)
2024-01-17 17:06:05,152 WARN stopped: api-worker_05 (terminated by SIGTERM)
2024-01-17 17:06:05,153 WARN stopped: api-worker_01 (terminated by SIGTERM)
2024-01-17 17:06:05,153 WARN stopped: api-worker_00 (terminated by SIGTERM)
2024-01-17 17:06:05,154 WARN stopped: api-worker_02 (terminated by SIGTERM)
2024-01-17 17:06:05,154 WARN stopped: api-worker_06 (terminated by SIGTERM)
2024-01-17 17:06:05,154 WARN stopped: api-worker_07 (terminated by SIGTERM)
2024-01-17 17:06:05,154 WARN stopped: api-worker_03 (terminated by SIGTERM)
2024-01-17 17:06:39,899 CRIT Supervisor is running as root.  Privileges were not dropped because no user is specified in the config file.  If you intend to run as root, you can set user=root in the config file to avoid this message.
2024-01-17 17:06:39,903 INFO RPC interface 'supervisor' initialized
2024-01-17 17:06:39,903 CRIT Server 'inet_http_server' running without any HTTP authentication checking
2024-01-17 17:06:39,904 INFO supervisord started with pid 1
2024-01-17 17:06:40,908 INFO spawned: 'api-worker_00' with pid 10
2024-01-17 17:06:40,912 INFO spawned: 'api-worker_01' with pid 11
2024-01-17 17:06:40,916 INFO spawned: 'api-worker_02' with pid 12
2024-01-17 17:06:40,920 INFO spawned: 'api-worker_03' with pid 13
2024-01-17 17:06:40,923 INFO spawned: 'api-worker_04' with pid 14
2024-01-17 17:06:40,925 INFO spawned: 'api-worker_05' with pid 15
2024-01-17 17:06:40,927 INFO spawned: 'api-worker_06' with pid 16
2024-01-17 17:06:40,929 INFO spawned: 'api-worker_07' with pid 17
2024-01-17 17:06:40,931 INFO spawned: 'nginx' with pid 18
2024-01-17 17:06:40,934 INFO spawned: 'php-fpm' with pid 19
2024-01-17 17:06:40,953 INFO success: nginx entered RUNNING state, process has stayed up for > than 0 seconds (startsecs)
2024-01-17 17:06:40,954 INFO success: php-fpm entered RUNNING state, process has stayed up for > than 0 seconds (startsecs)
2024-01-17 17:06:41,990 INFO success: api-worker_00 entered RUNNING state, process has stayed up for > than 1 seconds (startsecs)
2024-01-17 17:06:41,992 INFO success: api-worker_01 entered RUNNING state, process has stayed up for > than 1 seconds (startsecs)
2024-01-17 17:06:41,992 INFO success: api-worker_02 entered RUNNING state, process has stayed up for > than 1 seconds (startsecs)
2024-01-17 17:06:41,992 INFO success: api-worker_03 entered RUNNING state, process has stayed up for > than 1 seconds (startsecs)
2024-01-17 17:06:41,992 INFO success: api-worker_04 entered RUNNING state, process has stayed up for > than 1 seconds (startsecs)
2024-01-17 17:06:41,992 INFO success: api-worker_05 entered RUNNING state, process has stayed up for > than 1 seconds (startsecs)
2024-01-17 17:06:41,992 INFO success: api-worker_06 entered RUNNING state, process has stayed up for > than 1 seconds (startsecs)
2024-01-17 17:06:41,992 INFO success: api-worker_07 entered RUNNING state, process has stayed up for > than 1 seconds (startsecs)
